Using pre-set license
Built from '2022.3/release' branch; Version is '2022.3.5f1 (9674261d40ee) revision 9860134'; Using compiler version '192829333'; Build Type 'Release'
OS: 'Windows 11  (10.0.22621) 64bit Professional' Language: 'en' Physical Memory: 12221 MB
BatchMode: 1, IsHumanControllingUs: 0, StartBugReporterOnCrash: 0, Is64bit: 1, IsPro: 1

COMMAND LINE ARGUMENTS:
E:\APPS\New folder\Editor\Unity.exe
-adb2
-batchMode
-noUpm
-name
AssetImportWorker1
-projectPath
C:/Users/Irgie AS/Documents/GitHub/Anuka/.git
-logFile
Logs/AssetImportWorker1.log
-srvPort
1488
Successfully changed project path to: C:/Users/Irgie AS/Documents/GitHub/Anuka/.git
C:/Users/Irgie AS/Documents/GitHub/Anuka/.git
[UnityMemory] Configuration Parameters - Can be set up in boot.config
    "memorysetup-bucket-allocator-granularity=16"
    "memorysetup-bucket-allocator-bucket-count=8"
    "memorysetup-bucket-allocator-block-size=33554432"
    "memorysetup-bucket-allocator-block-count=8"
    "memorysetup-main-allocator-block-size=16777216"
    "memorysetup-thread-allocator-block-size=16777216"
    "memorysetup-gfx-main-allocator-block-size=16777216"
    "memorysetup-gfx-thread-allocator-block-size=16777216"
    "memorysetup-cache-allocator-block-size=4194304"
    "memorysetup-typetree-allocator-block-size=2097152"
    "memorysetup-profiler-bucket-allocator-granularity=16"
    "memorysetup-profiler-bucket-allocator-bucket-count=8"
    "memorysetup-profiler-bucket-allocator-block-size=33554432"
    "memorysetup-profiler-bucket-allocator-block-count=8"
    "memorysetup-profiler-allocator-block-size=16777216"
    "memorysetup-profiler-editor-allocator-block-size=1048576"
    "memorysetup-temp-allocator-size-main=16777216"
    "memorysetup-job-temp-allocator-block-size=2097152"
    "memorysetup-job-temp-allocator-block-size-background=1048576"
    "memorysetup-job-temp-allocator-reduction-small-platforms=262144"
    "memorysetup-allocator-temp-initial-block-size-main=262144"
    "memorysetup-allocator-temp-initial-block-size-worker=262144"
    "memorysetup-temp-allocator-size-background-worker=32768"
    "memorysetup-temp-allocator-size-job-worker=262144"
    "memorysetup-temp-allocator-size-preload-manager=33554432"
    "memorysetup-temp-allocator-size-nav-mesh-worker=65536"
    "memorysetup-temp-allocator-size-audio-worker=65536"
    "memorysetup-temp-allocator-size-cloud-worker=32768"
    "memorysetup-temp-allocator-size-gi-baking-worker=262144"
    "memorysetup-temp-allocator-size-gfx=262144"
Player connection [14060] Host "[IP] 192.168.1.2 [Port] 0 [Flags] 2 [Guid] 1910044812 [EditorId] 1910044812 [Version] 1048832 [Id] WindowsEditor(7,DESKTOP-48ITK8A) [Debug] 1 [PackageName] WindowsEditor [ProjectName] Editor" joined multi-casting on [225.0.0.222:54997]...

Player connection [14060] Host "[IP] 192.168.1.2 [Port] 0 [Flags] 2 [Guid] 1910044812 [EditorId] 1910044812 [Version] 1048832 [Id] WindowsEditor(7,DESKTOP-48ITK8A) [Debug] 1 [PackageName] WindowsEditor [ProjectName] Editor" joined alternative multi-casting on [225.0.0.222:34997]...

Refreshing native plugins compatible for Editor in 37.00 ms, found 4 plugins.
Preloading 0 native plugins for Editor in 0.00 ms.
Initialize engine version: 2022.3.5f1 (9674261d40ee)
[Subsystems] Discovering subsystems at path E:/APPS/New folder/Editor/Data/Resources/UnitySubsystems
[Subsystems] Discovering subsystems at path C:/Users/Irgie AS/Documents/GitHub/Anuka/.git/Assets
GfxDevice: creating device client; threaded=0; jobified=0
Direct3D:
    Version:  Direct3D 11.0 [level 11.1]
    Renderer: Radeon RX 580 Series (ID=0x67df)
    Vendor:   ATI
    VRAM:     4039 MB
    Driver:   31.0.21902.5
Initialize mono
Mono path[0] = 'E:/APPS/New folder/Editor/Data/Managed'
Mono path[1] = 'E:/APPS/New folder/Editor/Data/MonoBleedingEdge/lib/mono/unityjit-win32'
Mono config path = 'E:/APPS/New folder/Editor/Data/MonoBleedingEdge/etc'
Using monoOptions --debugger-agent=transport=dt_socket,embedding=1,server=y,suspend=n,address=127.0.0.1:56972
Begin MonoManager ReloadAssembly
Registering precompiled unity dll's ...
Register platform support module: E:/APPS/New folder/Editor/Data/PlaybackEngines/WindowsStandaloneSupport/UnityEditor.WindowsStandalone.Extensions.dll
Registered in 0.011614 seconds.
- Loaded All Assemblies, in  1.324 seconds
Native extension for WindowsStandalone target not found
Mono: successfully reloaded assembly
- Finished resetting the current domain, in  1.638 seconds
Domain Reload Profiling: 2962ms
	BeginReloadAssembly (595ms)
		ExecutionOrderSort (0ms)
		DisableScriptedObjects (0ms)
		BackupInstance (0ms)
		ReleaseScriptingObjects (0ms)
		CreateAndSetChildDomain (2ms)
	RebuildCommonClasses (117ms)
	RebuildNativeTypeToScriptingClass (29ms)
	initialDomainReloadingComplete (160ms)
	LoadAllAssembliesAndSetupDomain (422ms)
		LoadAssemblies (590ms)
		RebuildTransferFunctionScriptingTraits (0ms)
		AnalyzeDomain (414ms)
			TypeCache.Refresh (413ms)
				TypeCache.ScanAssembly (373ms)
			ScanForSourceGeneratedMonoScriptInfo (1ms)
			ResolveRequiredComponents (1ms)
	FinalizeReload (1640ms)
		ReleaseScriptCaches (0ms)
		RebuildScriptCaches (0ms)
		SetupLoadedEditorAssemblies (1321ms)
			LogAssemblyErrors (0ms)
			InitializePlatformSupportModulesInManaged (46ms)
			SetLoadedEditorAssemblies (42ms)
			RefreshPlugins (0ms)
			BeforeProcessingInitializeOnLoad (15ms)
			ProcessInitializeOnLoadAttributes (952ms)
			ProcessInitializeOnLoadMethodAttributes (266ms)
			AfterProcessingInitializeOnLoad (0ms)
			EditorAssembliesLoaded (0ms)
		ExecutionOrderSort2 (0ms)
		AwakeInstancesAfterBackupRestoration (0ms)
========================================================================
Worker process is ready to serve import requests
Begin MonoManager ReloadAssembly
Symbol file LoadedFromMemory doesn't match image C:\Users\Irgie AS\Documents\GitHub\Anuka\.git\Library\PackageCache\com.unity.visualscripting@1.8.0\Editor\VisualScripting.Core\Dependencies\YamlDotNet\Unity.VisualScripting.YamlDotNet.dll
Symbol file LoadedFromMemory doesn't match image C:\Users\Irgie AS\Documents\GitHub\Anuka\.git\Library\PackageCache\com.unity.visualscripting@1.8.0\Editor\VisualScripting.Core\Dependencies\DotNetZip\Unity.VisualScripting.IonicZip.dll
- Loaded All Assemblies, in  7.072 seconds
Refreshing native plugins compatible for Editor in 9.15 ms, found 4 plugins.
Native extension for WindowsStandalone target not found
Mono: successfully reloaded assembly
- Finished resetting the current domain, in  6.975 seconds
Domain Reload Profiling: 14036ms
	BeginReloadAssembly (1196ms)
		ExecutionOrderSort (0ms)
		DisableScriptedObjects (48ms)
		BackupInstance (0ms)
		ReleaseScriptingObjects (2ms)
		CreateAndSetChildDomain (86ms)
	RebuildCommonClasses (248ms)
	RebuildNativeTypeToScriptingClass (136ms)
	initialDomainReloadingComplete (1116ms)
	LoadAllAssembliesAndSetupDomain (4362ms)
		LoadAssemblies (3955ms)
		RebuildTransferFunctionScriptingTraits (0ms)
		AnalyzeDomain (1223ms)
			TypeCache.Refresh (1108ms)
				TypeCache.ScanAssembly (1064ms)
			ScanForSourceGeneratedMonoScriptInfo (92ms)
			ResolveRequiredComponents (23ms)
	FinalizeReload (6978ms)
		ReleaseScriptCaches (0ms)
		RebuildScriptCaches (0ms)
		SetupLoadedEditorAssemblies (4962ms)
			LogAssemblyErrors (0ms)
			InitializePlatformSupportModulesInManaged (62ms)
			SetLoadedEditorAssemblies (135ms)
			RefreshPlugins (0ms)
			BeforeProcessingInitializeOnLoad (1272ms)
			ProcessInitializeOnLoadAttributes (3278ms)
			ProcessInitializeOnLoadMethodAttributes (211ms)
			AfterProcessingInitializeOnLoad (4ms)
			EditorAssembliesLoaded (1ms)
		ExecutionOrderSort2 (0ms)
		AwakeInstancesAfterBackupRestoration (25ms)
Launched and connected shader compiler UnityShaderCompiler.exe after 0.37 seconds
Refreshing native plugins compatible for Editor in 15.94 ms, found 4 plugins.
Preloading 0 native plugins for Editor in 0.00 ms.
Unloading 4656 Unused Serialized files (Serialized files now loaded: 0)
Unloading 83 unused Assets / (135.5 KB). Loaded Objects now: 5121.
Memory consumption went from 157.4 MB to 157.3 MB.
Total: 102.276500 ms (FindLiveObjects: 2.012600 ms CreateObjectMapping: 3.098500 ms MarkObjects: 96.503000 ms  DeleteObjects: 0.660600 ms)

AssetImportParameters requested are different than current active one (requested -> active):
  custom:container-demuxer-ogg: 62fdf1f143b41e24485cea50d1cbac27 -> 
  custom:video-codec-MediaFoundation-h265: 746d11721c4dcdbdad8f713fa42b33f4 -> 
  custom:video-decoder-ogg-theora: a1e56fd34408186e4bbccfd4996cb3dc -> 
  custom:framework-win-MediaFoundation: 216162199b28c13a410421893ffa2e32 -> 
  custom:CustomObjectIndexerAttribute: 756ad292c208cfabdd7b50bc23989ffe -> 
  custom:container-demuxer-webm: 4f35f7cbe854078d1ac9338744f61a02 -> 
  custom:container-muxer-webm: aa71ff27fc2769a1b78a27578f13a17b -> 
  custom:video-decoder-webm-vp8: 9c59270c3fd7afecdb556c50c9e8de78 -> 
  custom:AudioImporter_EditorPlatform: d09bf68614088b80899f8185d706f6e7 -> 
  custom:video-encoder-webm-vp8: eb34c28f22e8b96e1ab97ce403110664 -> 
  custom:audio-decoder-ogg-vorbis: bf7c407c2cedff20999df2af8eb42d56 -> 
  custom:audio-encoder-webm-vorbis: bf7c407c2cedff20999df2af8eb42d56 -> 
========================================================================
Received Import Request.
  Time since last request: 2108.355726 seconds.
  path: Assets/UI/Font/TextMesh Pro/Documentation
  artifactKey: Guid(8e7e8f5a82a3a134e91c54efd2274ea9) Importer(815301076,1909f56bfc062723c751e8b465ee728b)
Start importing Assets/UI/Font/TextMesh Pro/Documentation using Guid(8e7e8f5a82a3a134e91c54efd2274ea9) Importer(815301076,1909f56bfc062723c751e8b465ee728b)  -> (artifact id: '15675b695153ea743534fc61a42da8ee') in 0.015365 seconds
Number of updated asset objects reloaded before import = 0
Number of asset objects unloaded after import = 0
========================================================================
Received Import Request.
  Time since last request: 0.000052 seconds.
  path: Assets/UI/coin.psd
  artifactKey: Guid(b3d5ffbbc3ca4ec4b9a5b655a4e643b8) Importer(815301076,1909f56bfc062723c751e8b465ee728b)
Start importing Assets/UI/coin.psd using Guid(b3d5ffbbc3ca4ec4b9a5b655a4e643b8) Importer(815301076,1909f56bfc062723c751e8b465ee728b)  -> (artifact id: '54489bd70e2a2a4a9f67e1d0205360c9') in 0.969600 seconds
Number of updated asset objects reloaded before import = 0
Number of asset objects unloaded after import = 3
========================================================================
Received Import Request.
  Time since last request: 0.000493 seconds.
  path: Assets/UI/Font/TextMesh Pro
  artifactKey: Guid(f54d1bd14bd3ca042bd867b519fee8cc) Importer(815301076,1909f56bfc062723c751e8b465ee728b)
Start importing Assets/UI/Font/TextMesh Pro using Guid(f54d1bd14bd3ca042bd867b519fee8cc) Importer(815301076,1909f56bfc062723c751e8b465ee728b)  -> (artifact id: '539788fea73926d38e17274c55d5d4cc') in 0.000933 seconds
Number of updated asset objects reloaded before import = 0
Number of asset objects unloaded after import = 0
========================================================================
Received Import Request.
  Time since last request: 0.000028 seconds.
  path: Assets/UI/coin-33.png
  artifactKey: Guid(4b26913745a11e141a956298d8fe979c) Importer(815301076,1909f56bfc062723c751e8b465ee728b)
Start importing Assets/UI/coin-33.png using Guid(4b26913745a11e141a956298d8fe979c) Importer(815301076,1909f56bfc062723c751e8b465ee728b)  -> (artifact id: 'da34ae193fe3d60a1bde09fb5fc4b9cb') in 0.255066 seconds
Number of updated asset objects reloaded before import = 0
Number of asset objects unloaded after import = 3
========================================================================
Received Import Request.
  Time since last request: 0.000030 seconds.
  path: Assets/UI/Font/TextMesh Pro/Examples & Extras/Materials
  artifactKey: Guid(5808953df7a24274a851aa6dee52d30e) Importer(815301076,1909f56bfc062723c751e8b465ee728b)
Start importing Assets/UI/Font/TextMesh Pro/Examples & Extras/Materials using Guid(5808953df7a24274a851aa6dee52d30e) Importer(815301076,1909f56bfc062723c751e8b465ee728b)  -> (artifact id: '857aa438011e39d8c091d33e23d9b6f5') in 0.001830 seconds
Number of updated asset objects reloaded before import = 0
Number of asset objects unloaded after import = 0
========================================================================
Received Import Request.
  Time since last request: 0.000046 seconds.
  path: Assets/UI/Font/VCR_OSD_MONO_1.001.ttf
  artifactKey: Guid(4065469a093e9984f9f4a9b80d697d12) Importer(815301076,1909f56bfc062723c751e8b465ee728b)
Start importing Assets/UI/Font/VCR_OSD_MONO_1.001.ttf using Guid(4065469a093e9984f9f4a9b80d697d12) Importer(815301076,1909f56bfc062723c751e8b465ee728b)  -> (artifact id: '6f78ac73c97378e148ecabad3d20e2a0') in 0.770963 seconds
Number of updated asset objects reloaded before import = 0
Number of asset objects unloaded after import = 4
========================================================================
Received Import Request.
  Time since last request: 0.000214 seconds.
  path: Assets/UI/Font/TextMesh Pro/Fonts/LiberationSans.ttf
  artifactKey: Guid(e3265ab4bf004d28a9537516768c1c75) Importer(815301076,1909f56bfc062723c751e8b465ee728b)
Start importing Assets/UI/Font/TextMesh Pro/Fonts/LiberationSans.ttf using Guid(e3265ab4bf004d28a9537516768c1c75) Importer(815301076,1909f56bfc062723c751e8b465ee728b)  -> (artifact id: '868ae7279cb8681e901fb13a12c8cb7e') in 0.129737 seconds
Number of updated asset objects reloaded before import = 0
Number of asset objects unloaded after import = 4
========================================================================
Received Import Request.
  Time since last request: 0.000205 seconds.
  path: Assets/UI/Font/TextMesh Pro/Examples & Extras/Materials/Crate - Surface Shader Scene.mat
  artifactKey: Guid(e6b9b44320f4448d9d5e0ee634259966) Importer(815301076,1909f56bfc062723c751e8b465ee728b)
Start importing Assets/UI/Font/TextMesh Pro/Examples & Extras/Materials/Crate - Surface Shader Scene.mat using Guid(e6b9b44320f4448d9d5e0ee634259966) Importer(815301076,1909f56bfc062723c751e8b465ee728b)  -> (artifact id: '94266e98871699241ccf23e3a4332cc9') in 10.150377 seconds
Number of updated asset objects reloaded before import = 0
Number of asset objects unloaded after import = 3
========================================================================
Received Import Request.
  Time since last request: 170.715846 seconds.
  path: Assets/UI/sprite darah/update-darah-_0000s_0002_darah-2.png
  artifactKey: Guid(d318db98a4133724ea6d59086015f95b) Importer(815301076,1909f56bfc062723c751e8b465ee728b)
Start importing Assets/UI/sprite darah/update-darah-_0000s_0002_darah-2.png using Guid(d318db98a4133724ea6d59086015f95b) Importer(815301076,1909f56bfc062723c751e8b465ee728b)  -> (artifact id: '94a0509e2811fd0f2294baf7256ea159') in 0.040598 seconds
Number of updated asset objects reloaded before import = 0
Number of asset objects unloaded after import = 3
========================================================================
Received Import Request.
  Time since last request: 0.000026 seconds.
  path: Assets/UI/sprite darah/update-darah-_0000s_0004_darah-4.png
  artifactKey: Guid(e13b1441ef161ae4cb3f4fa51448b810) Importer(815301076,1909f56bfc062723c751e8b465ee728b)
Start importing Assets/UI/sprite darah/update-darah-_0000s_0004_darah-4.png using Guid(e13b1441ef161ae4cb3f4fa51448b810) Importer(815301076,1909f56bfc062723c751e8b465ee728b)  -> (artifact id: 'd9d77370f3dcee4f0ae82bb7651b6fb5') in 0.039983 seconds
Number of updated asset objects reloaded before import = 0
Number of asset objects unloaded after import = 3
========================================================================
Received Import Request.
  Time since last request: 0.000064 seconds.
  path: Assets/UI/sprite darah/update-darah-_0000s_0006_darah-6.png
  artifactKey: Guid(5d2126cc8badea647a59e83d39ddf267) Importer(815301076,1909f56bfc062723c751e8b465ee728b)
Start importing Assets/UI/sprite darah/update-darah-_0000s_0006_darah-6.png using Guid(5d2126cc8badea647a59e83d39ddf267) Importer(815301076,1909f56bfc062723c751e8b465ee728b)  -> (artifact id: '52687e8d7a2d60b2b7749cc1f06f0346') in 0.055014 seconds
Number of updated asset objects reloaded before import = 0
Number of asset objects unloaded after import = 3
========================================================================
Received Import Request.
  Time since last request: 0.000294 seconds.
  path: Assets/UI/sprite darah/update-darah-_0000s_0009_darah-9.png
  artifactKey: Guid(1883b2c95f0faa84f9d63f186dfd3489) Importer(815301076,1909f56bfc062723c751e8b465ee728b)
Start importing Assets/UI/sprite darah/update-darah-_0000s_0009_darah-9.png using Guid(1883b2c95f0faa84f9d63f186dfd3489) Importer(815301076,1909f56bfc062723c751e8b465ee728b)  -> (artifact id: '35294ac757553bd0f1226c180b4ba374') in 0.053352 seconds
Number of updated asset objects reloaded before import = 0
Number of asset objects unloaded after import = 3
========================================================================
Received Import Request.
  Time since last request: 0.000395 seconds.
  path: Assets/UI/sprite darah/update-darah-_0000s_0007_darah-7.png
  artifactKey: Guid(0e3f12837cfc8104da70a757297e76b7) Importer(815301076,1909f56bfc062723c751e8b465ee728b)
Start importing Assets/UI/sprite darah/update-darah-_0000s_0007_darah-7.png using Guid(0e3f12837cfc8104da70a757297e76b7) Importer(815301076,1909f56bfc062723c751e8b465ee728b)  -> (artifact id: '8ad34f1d0f3b914a763e23d49fbcc67b') in 0.053457 seconds
Number of updated asset objects reloaded before import = 0
Number of asset objects unloaded after import = 3
